[2022-01-06 01:24:21,477] __main__.py->main line:20 [INFO]Program Started. Press Ctrl-C to abort at any time.
[2022-01-06 01:24:31,570] __main__.py->play_game line:105 [INFO]Runs play_game shell.
[2022-01-06 21:41:22,189] __main__.py->main line:20 [INFO]Program Started. Press Ctrl-C to abort at any time.
[2022-01-06 21:41:48,026] __main__.py->main line:20 [INFO]Program Started. Press Ctrl-C to abort at any time.
[2022-01-06 21:45:03,907] __main__.py->main line:20 [INFO]Program Started. Press Ctrl-C to abort at any time.
[2022-01-06 21:46:19,784] __main__.py->main line:20 [INFO]Program Started. Press Ctrl-C to abort at any time.
[2022-01-06 21:46:50,953] __main__.py->main line:20 [INFO]Program Started. Press Ctrl-C to abort at any time.
[2022-01-06 21:53:46,045] __main__.py->main line:20 [INFO]Program Started. Press Ctrl-C to abort at any time.
[2022-01-06 21:54:08,804] __main__.py->main line:20 [INFO]Program Started. Press Ctrl-C to abort at any time.
[2022-01-06 21:54:19,468] __main__.py->play_game line:106 [INFO]Runs play_game shell.
[2022-01-06 21:54:58,786] __main__.py->main line:20 [INFO]Program Started. Press Ctrl-C to abort at any time.
[2022-01-06 21:55:09,387] __main__.py->play_game line:106 [INFO]Runs play_game shell.
[2022-01-06 21:57:34,357] __main__.py->play_game line:108 [INFO]Completed play_game shell.Status is 
[2022-01-06 22:01:38,966] __main__.py->main line:20 [INFO]Program Started. Press Ctrl-C to abort at any time.
[2022-01-06 22:01:49,464] __main__.py->play_game line:106 [INFO]Runs play_game shell.
[2022-01-06 22:02:36,599] __main__.py->main line:20 [INFO]Program Started. Press Ctrl-C to abort at any time.
[2022-01-06 22:02:47,123] __main__.py->play_game line:106 [INFO]Runs play_game shell.
[2022-01-06 22:12:10,937] __main__.py->play_game line:108 [INFO]Completed play_game shell.Status is 3840 2160
1670 1227
2032.9411764705883 1320.0
1670 1227
1

[2022-01-06 22:19:02,401] __main__.py->main line:20 [INFO]Program Started. Press Ctrl-C to abort at any time.
[2022-01-06 22:19:12,490] __main__.py->play_game line:106 [INFO]Runs play_game shell.
